<?xml version="1.0" encoding="utf-8"?><testsuites name="pytest tests"><testsuite name="pytest" errors="0" failures="0" skipped="0" tests="41" time="9.349" timestamp="2026-09-12T07:40:16.942416+00:00" hostname="agent-env-ab90353d-0f58-4f21-9da8-03ded4b88d02"><testcase classname="tests.backend_test" name="test_health" time="2.354" /><testcase classname="tests.test_templates_phase_a" name="test_clean_skeleton_not_invalid" time="2.356" /><testcase classname="tests.test_templates_phase_a" name="test_duplicate_names_fail" time="0.069" /><testcase classname="tests.backend_test" name="test_create_project" time="0.065" /><testcase classname="tests.backend_test" name="test_list_projects" time="0.068" /><testcase classname="tests.test_templates_phase_a" name="test_orphan_parent_fail" time="0.069" /><testcase classname="tests.backend_test" name="test_get_project_details" time="0.066" /><testcase classname="tests.test_templates_phase_a" name="test_two_roots_fail" time="0.073" /><testcase classname="tests.backend_test" name="test_get_project_not_found" time="0.063" /><testcase classname="tests.test_templates_phase_a" name="test_missing_bones_fail" time="0.107" /><testcase classname="tests.backend_test" name="test_patch_project_landmarks" time="0.166" /><testcase classname="tests.test_templates_phase_a" name="test_required_bones_missing_landmark_targets_fail" time="0.065" /><testcase classname="tests.test_templates_phase_a" name="test_l_without_r_warn" time="0.061" /><testcase classname="tests.backend_test" name="test_delete_project" time="0.223" /><testcase classname="tests.test_templates_phase_a" name="test_non_unit_quaternion_warn" time="0.076" /><testcase classname="tests.test_templates_phase_a" name="test_save_template_and_get" time="0.131" /><testcase classname="tests.backend_test" name="test_template_validate_valid" time="0.061" /><testcase classname="tests.test_templates_phase_a" name="test_save_template_upsert_same_sha" time="0.217" /><testcase classname="tests.backend_test" name="test_template_validate_duplicates" time="0.058" /><testcase classname="tests.backend_test" name="test_template_validate_orphan_parent" time="0.058" /><testcase classname="tests.backend_test" name="test_template_validate_missing_bones" time="0.162" /><testcase classname="tests.test_templates_phase_a" name="test_list_templates_has_no_template_data" time="0.079" /><testcase classname="tests.test_templates_phase_a" name="test_delete_template_404" time="0.221" /><testcase classname="tests.test_assistant" name="test_config_no_key_leak" time="0.159" /><testcase classname="tests.test_assistant" name="test_tools_catalog" time="0.062" /><testcase classname="tests.test_templates_phase_a" name="test_save_template_empty_bones_400" time="0.107" /><testcase classname="tests.test_templates_phase_a" name="test_project_patch_persists_template_source" time="0.592" /><testcase classname="tests.test_assistant" name="test_session_created" time="0.105" /><testcase classname="tests.test_assistant" name="test_get_session_has_transcript_no_messages" time="0.106" /><testcase classname="tests.test_assistant" name="test_list_sessions_filter" time="0.060" /><testcase classname="tests.test_assistant" name="test_get_unknown_session_404" time="0.063" /><testcase classname="tests.test_assistant" name="test_chat_unknown_session_404" time="0.064" /><testcase classname="tests.test_assistant" name="test_tool_result_wrong_id_400" time="0.063" /><testcase classname="tests.test_assistant" name="test_delete_session" time="0.181" /><testcase classname="tests.test_assistant" name="test_chat_sse_tool_loop" time="4.304" /><testcase classname="tests.test_phase_b_fit" name="test_fitted_field_defaults_none_fit_approved_false" time="0.739" /><testcase classname="tests.test_phase_b_fit" name="test_patch_fitted_and_fit_approved_persists" time="0.273" /><testcase classname="tests.test_phase_b_fit" name="test_patch_fit_approval_roundtrip" time="0.286" /><testcase classname="tests.test_phase_b_fit" name="test_patch_fitted_null_clears" time="0.345" /><testcase classname="tests.test_phase_b_fit" name="test_regression_templates_validate" time="0.066" /><testcase classname="tests.test_phase_b_fit" name="test_regression_list_templates" time="0.069" /></testsuite></testsuites>