<?xml version="1.0" encoding="utf-8"?><testsuites name="pytest tests"><testsuite name="pytest" errors="0" failures="0" skipped="0" tests="25" time="2.417" timestamp="2026-09-11T08:32:17.197843+00:00" hostname="agent-env-ab90353d-0f58-4f21-9da8-03ded4b88d02"><testcase classname="tests.backend_test" name="test_health" time="0.204" /><testcase classname="tests.test_templates_phase_a" name="test_clean_skeleton_not_invalid" time="0.190" /><testcase classname="tests.test_templates_phase_a" name="test_duplicate_names_fail" time="0.070" /><testcase classname="tests.test_templates_phase_a" name="test_orphan_parent_fail" time="0.064" /><testcase classname="tests.backend_test" name="test_create_project" time="0.121" /><testcase classname="tests.test_templates_phase_a" name="test_two_roots_fail" time="0.064" /><testcase classname="tests.backend_test" name="test_list_projects" time="0.124" /><testcase classname="tests.test_templates_phase_a" name="test_missing_bones_fail" time="0.103" /><testcase classname="tests.backend_test" name="test_get_project_details" time="0.118" /><testcase classname="tests.test_templates_phase_a" name="test_required_bones_missing_landmark_targets_fail" time="0.070" /><testcase classname="tests.test_templates_phase_a" name="test_l_without_r_warn" time="0.062" /><testcase classname="tests.backend_test" name="test_get_project_not_found" time="0.080" /><testcase classname="tests.test_templates_phase_a" name="test_non_unit_quaternion_warn" time="0.061" /><testcase classname="tests.backend_test" name="test_patch_project_landmarks" time="0.198" /><testcase classname="tests.test_templates_phase_a" name="test_save_template_and_get" time="0.125" /><testcase classname="tests.test_templates_phase_a" name="test_save_template_upsert_same_sha" time="0.190" /><testcase classname="tests.backend_test" name="test_delete_project" time="0.269" /><testcase classname="tests.test_templates_phase_a" name="test_list_templates_has_no_template_data" time="0.063" /><testcase classname="tests.test_templates_phase_a" name="test_delete_template_404" time="0.225" /><testcase classname="tests.backend_test" name="test_template_validate_valid" time="0.082" /><testcase classname="tests.backend_test" name="test_template_validate_duplicates" time="0.077" /><testcase classname="tests.backend_test" name="test_template_validate_orphan_parent" time="0.083" /><testcase classname="tests.test_templates_phase_a" name="test_save_template_empty_bones_400" time="0.060" /><testcase classname="tests.test_templates_phase_a" name="test_project_patch_persists_template_source" time="0.440" /><testcase classname="tests.backend_test" name="test_template_validate_missing_bones" time="0.198" /></testsuite></testsuites>